<?xml version="1.0" encoding="UTF-8"?>
<!-- Generated by org.testng.reporters.JUnitXMLReporter -->
<testsuite hostname="DESKTOP-HQ5KLD5" ignored="2" name="Test" tests="1" failures="0" timestamp="2022-03-23T20:31:36 IST" time="3.503" errors="0">
  <testcase name="@BeforeSuite Browser_Initilisation" time="0.047" classname="com.abc.commanfuncnality.browserLaunch">
    <failure type="java.lang.NullPointerException">
      <![CDATA[java.lang.NullPointerException
at com.abc.commanfuncnality.browserLaunch.Browser_Initilisation(browserLaunch.java:37)
... Removed 19 stack frames]]>
    </failure>
  </testcase> <!-- @BeforeSuite Browser_Initilisation -->
  <testcase name="TC1" time="0.0" classname="com.abc.orangeHRMS.LoginPageTest">
    <skipped/>
  </testcase> <!-- TC1 -->
  <testcase name="TC3" time="0.0" classname="com.abc.orangeHRMS.LoginPageTest">
    <ignored/>
  </testcase> <!-- TC3 -->
  <testcase name="TC2" time="0.0" classname="com.abc.orangeHRMS.LoginPageTest">
    <ignored/>
  </testcase> <!-- TC2 -->
</testsuite> <!-- Test -->
