<?xml version="1.0" encoding="UTF-8"?>
<testng-results skipped="0" failed="1" ignored="2" total="3" passed="0">
  <reporter-output>
  </reporter-output>
  <suite name="Default suite" duration-ms="2960" started-at="2022-03-30T19:00:04 IST" finished-at="2022-03-30T19:00:07 IST">
    <groups>
    </groups>
    <test name="Default test" duration-ms="2960" started-at="2022-03-30T19:00:04 IST" finished-at="2022-03-30T19:00:07 IST">
      <class name="com.abc.orangeHRMS.LoginPageTest">
        <test-method status="PASS" signature="Browser_Initilisation()[pri:0, instance:com.abc.orangeHRMS.LoginPageTest@1a3869f4]" name="Browser_Initilisation" is-config="true" duration-ms="34022" started-at="2022-03-30T18:59:30 IST" finished-at="2022-03-30T19:00:04 IST">
          <reporter-output>
          </reporter-output>
        </test-method> <!-- Browser_Initilisation -->
        <test-method status="PASS" signature="Report()[pri:0, instance:com.abc.orangeHRMS.LoginPageTest@1a3869f4]" name="Report" is-config="true" duration-ms="291" started-at="2022-03-30T19:00:04 IST" finished-at="2022-03-30T19:00:05 IST">
          <reporter-output>
          </reporter-output>
        </test-method> <!-- Report -->
        <test-method status="FAIL" signature="TC1()[pri:1, instance:com.abc.orangeHRMS.LoginPageTest@1a3869f4]" name="TC1" duration-ms="297" started-at="2022-03-30T19:00:05 IST" description="Verify that user is able to login successfully with valid credential" finished-at="2022-03-30T19:00:05 IST">
          <exception class="java.lang.NullPointerException">
            <full-stacktrace>
              <![CDATA[java.lang.NullPointerException
at com.abc.commanfuncnality.ReadExcel.getStringCellData(ReadExcel.java:31)
at com.abc.orangeHRMS.LoginPageTest.TC1(LoginPageTest.java:26)
at sun.reflect.NativeMethodAccessorImpl.invoke0(Native Method)
at sun.reflect.NativeMethodAccessorImpl.invoke(Unknown Source)
at sun.reflect.DelegatingMethodAccessorImpl.invoke(Unknown Source)
at java.lang.reflect.Method.invoke(Unknown Source)
at org.testng.internal.MethodInvocationHelper.invokeMethod(MethodInvocationHelper.java:133)
at org.testng.internal.TestInvoker.invokeMethod(TestInvoker.java:598)
at org.testng.internal.TestInvoker.invokeTestMethod(TestInvoker.java:173)
at org.testng.internal.MethodRunner.runInSequence(MethodRunner.java:46)
at org.testng.internal.TestInvoker$MethodInvocationAgent.invoke(TestInvoker.java:824)
at org.testng.internal.TestInvoker.invokeTestMethods(TestInvoker.java:146)
at org.testng.internal.TestMethodWorker.invokeTestMethods(TestMethodWorker.java:146)
at org.testng.internal.TestMethodWorker.run(TestMethodWorker.java:128)
at java.util.ArrayList.forEach(Unknown Source)
at org.testng.TestRunner.privateRun(TestRunner.java:794)
at org.testng.TestRunner.run(TestRunner.java:596)
at org.testng.SuiteRunner.runTest(SuiteRunner.java:377)
at org.testng.SuiteRunner.runSequentially(SuiteRunner.java:371)
at org.testng.SuiteRunner.privateRun(SuiteRunner.java:332)
at org.testng.SuiteRunner.run(SuiteRunner.java:276)
at org.testng.SuiteRunnerWorker.runSuite(SuiteRunnerWorker.java:53)
at org.testng.SuiteRunnerWorker.run(SuiteRunnerWorker.java:96)
at org.testng.TestNG.runSuitesSequentially(TestNG.java:1212)
at org.testng.TestNG.runSuitesLocally(TestNG.java:1134)
at org.testng.TestNG.runSuites(TestNG.java:1063)
at org.testng.TestNG.run(TestNG.java:1031)
at org.testng.remote.AbstractRemoteTestNG.run(AbstractRemoteTestNG.java:115)
at org.testng.remote.RemoteTestNG.initAndRun(RemoteTestNG.java:251)
at org.testng.remote.RemoteTestNG.main(RemoteTestNG.java:77)
]]>
            </full-stacktrace>
          </exception> <!-- java.lang.NullPointerException -->
          <reporter-output>
          </reporter-output>
        </test-method> <!-- TC1 -->
        <test-method status="PASS" signature="endTest()[pri:0, instance:com.abc.orangeHRMS.LoginPageTest@1a3869f4]" name="endTest" is-config="true" duration-ms="2032" started-at="2022-03-30T19:00:05 IST" finished-at="2022-03-30T19:00:07 IST">
          <reporter-output>
          </reporter-output>
        </test-method> <!-- endTest -->
        <test-method status="PASS" signature="TearDown()[pri:0, instance:com.abc.orangeHRMS.LoginPageTest@1a3869f4]" name="TearDown" is-config="true" duration-ms="1487" started-at="2022-03-30T19:00:08 IST" finished-at="2022-03-30T19:00:09 IST">
          <reporter-output>
          </reporter-output>
        </test-method> <!-- TearDown -->
      </class> <!-- com.abc.orangeHRMS.LoginPageTest -->
    </test> <!-- Default test -->
  </suite> <!-- Default suite -->
</testng-results>
